[01-Aug-2017 16:04:13 UTC] PHP Warning:  require(../PFD/fpdf.php): failed to open stream: No such file or directory in /home/ubuntu/workspace/wp-content/plugins/JefferPlug/reporter/reporter.php on line 3
[01-Aug-2017 16:04:13 UTC] PHP Stack trace:
[01-Aug-2017 16:04:13 UTC] PHP   1. {main}() /home/ubuntu/workspace/wp-content/plugins/JefferPlug/reporter/reporter.php:0
[01-Aug-2017 16:04:13 UTC] PHP Fatal error:  require(): Failed opening required '../PFD/fpdf.php' (include_path='.:/usr/share/php:/usr/share/pear') in /home/ubuntu/workspace/wp-content/plugins/JefferPlug/reporter/reporter.php on line 3
[01-Aug-2017 16:04:13 UTC] PHP Stack trace:
[01-Aug-2017 16:04:13 UTC] PHP   1. {main}() /home/ubuntu/workspace/wp-content/plugins/JefferPlug/reporter/reporter.php:0
[01-Aug-2017 16:46:17 UTC] PHP Warning:  require_once(./PDF/tcpdf_include.php): failed to open stream: No such file or directory in /home/ubuntu/workspace/wp-content/plugins/JefferPlug/reporter/reporter.php on line 28
[01-Aug-2017 16:46:17 UTC] PHP Stack trace:
[01-Aug-2017 16:46:17 UTC] PHP   1. {main}() /home/ubuntu/workspace/wp-content/plugins/JefferPlug/reporter/reporter.php:0
[01-Aug-2017 16:46:17 UTC] PHP Fatal error:  require_once(): Failed opening required './PDF/tcpdf_include.php' (include_path='.:/usr/share/php:/usr/share/pear') in /home/ubuntu/workspace/wp-content/plugins/JefferPlug/reporter/reporter.php on line 28
[01-Aug-2017 16:46:17 UTC] PHP Stack trace:
[01-Aug-2017 16:46:17 UTC] PHP   1. {main}() /home/ubuntu/workspace/wp-content/plugins/JefferPlug/reporter/reporter.php:0
[01-Aug-2017 16:46:41 UTC] PHP Warning:  require_once(./PDF/tcpdf.php): failed to open stream: No such file or directory in /home/ubuntu/workspace/wp-content/plugins/JefferPlug/reporter/reporter.php on line 28
[01-Aug-2017 16:46:41 UTC] PHP Stack trace:
[01-Aug-2017 16:46:41 UTC] PHP   1. {main}() /home/ubuntu/workspace/wp-content/plugins/JefferPlug/reporter/reporter.php:0
[01-Aug-2017 16:46:41 UTC] PHP Fatal error:  require_once(): Failed opening required './PDF/tcpdf.php' (include_path='.:/usr/share/php:/usr/share/pear') in /home/ubuntu/workspace/wp-content/plugins/JefferPlug/reporter/reporter.php on line 28
[01-Aug-2017 16:46:41 UTC] PHP Stack trace:
[01-Aug-2017 16:46:41 UTC] PHP   1. {main}() /home/ubuntu/workspace/wp-content/plugins/JefferPlug/reporter/reporter.php:0
[01-Aug-2017 16:47:10 UTC] PHP Warning:  require_once(../PDF/tcpdf.php): failed to open stream: No such file or directory in /home/ubuntu/workspace/wp-content/plugins/JefferPlug/reporter/reporter.php on line 28
[01-Aug-2017 16:47:10 UTC] PHP Stack trace:
[01-Aug-2017 16:47:10 UTC] PHP   1. {main}() /home/ubuntu/workspace/wp-content/plugins/JefferPlug/reporter/reporter.php:0
[01-Aug-2017 16:47:10 UTC] PHP Fatal error:  require_once(): Failed opening required '../PDF/tcpdf.php' (include_path='.:/usr/share/php:/usr/share/pear') in /home/ubuntu/workspace/wp-content/plugins/JefferPlug/reporter/reporter.php on line 28
[01-Aug-2017 16:47:10 UTC] PHP Stack trace:
[01-Aug-2017 16:47:10 UTC] PHP   1. {main}() /home/ubuntu/workspace/wp-content/plugins/JefferPlug/reporter/reporter.php:0
[01-Aug-2017 16:47:54 UTC] PHP Warning:  require_once(./PDF/tcpdf_include.php): failed to open stream: No such file or directory in /home/ubuntu/workspace/wp-content/plugins/JefferPlug/reporter/reporter.php on line 28
[01-Aug-2017 16:47:54 UTC] PHP Stack trace:
[01-Aug-2017 16:47:54 UTC] PHP   1. {main}() /home/ubuntu/workspace/wp-content/plugins/JefferPlug/reporter/reporter.php:0
[01-Aug-2017 16:47:54 UTC] PHP Fatal error:  require_once(): Failed opening required './PDF/tcpdf_include.php' (include_path='.:/usr/share/php:/usr/share/pear') in /home/ubuntu/workspace/wp-content/plugins/JefferPlug/reporter/reporter.php on line 28
[01-Aug-2017 16:47:54 UTC] PHP Stack trace:
[01-Aug-2017 16:47:54 UTC] PHP   1. {main}() /home/ubuntu/workspace/wp-content/plugins/JefferPlug/reporter/reporter.php:0
[01-Aug-2017 16:48:04 UTC] PHP Warning:  require_once(../PDF/tcpdf_include.php): failed to open stream: No such file or directory in /home/ubuntu/workspace/wp-content/plugins/JefferPlug/reporter/reporter.php on line 28
[01-Aug-2017 16:48:04 UTC] PHP Stack trace:
[01-Aug-2017 16:48:04 UTC] PHP   1. {main}() /home/ubuntu/workspace/wp-content/plugins/JefferPlug/reporter/reporter.php:0
[01-Aug-2017 16:48:04 UTC] PHP Fatal error:  require_once(): Failed opening required '../PDF/tcpdf_include.php' (include_path='.:/usr/share/php:/usr/share/pear') in /home/ubuntu/workspace/wp-content/plugins/JefferPlug/reporter/reporter.php on line 28
[01-Aug-2017 16:48:04 UTC] PHP Stack trace:
[01-Aug-2017 16:48:04 UTC] PHP   1. {main}() /home/ubuntu/workspace/wp-content/plugins/JefferPlug/reporter/reporter.php:0
